warn: user connected.
warn: user disconnected.
[31mfatal[39m: test de log Fatal
[31mfatal[39m: test de log Fatal
[35merror[39m: test de log Error
[31mfatal[39m: test de log Fatal
[31mfatal[39m: test de log Fatal
[35merror[39m: test de log Error
[31mfatal[39m: test de log Fatal
[31mfatal[39m: test de log Fatal
[35merror[39m: test de log Error
[31mfatal[39m: test de log Fatal
[31mfatal[39m: test de log Fatal
[35merror[39m: test de log Error
[31mfatal[39m: test de log Fatal
[31mfatal[39m: test de log Fatal
[35merror[39m: test de log Error
[31mfatal[39m: test de log Fatal
[31mfatal[39m: test de log Fatal
[35merror[39m: test de log Error
[35merror[39m: error creating the product, ValidationError: owner: Cast to ObjectId failed for value "admin" (type string) at path "owner" because of "BSONError"
[35merror[39m: error creating the product, TypeError: Cannot read properties of undefined (reading 'role')
[35merror[39m: error creating the product, ValidationError: owner: Cast to ObjectId failed for value "admin" (type string) at path "owner" because of "BSONError"
[35merror[39m: error creating the product, ValidationError: owner: Cast to ObjectId failed for value "admin" (type string) at path "owner" because of "BSONError"
[35merror[39m: error creating the product, ValidationError: owner: Cast to ObjectId failed for value "admin" (type string) at path "owner" because of "BSONError"
